<?xml version="1.0" encoding="UTF-8"?>
<testsuites name="Login_Verification Case" time="20" tests="3" failures="0" errors="0">
   <testsuite name="Login_Verification Case" tests="3" failures="0" errors="0" time="20" timestamp="2018-02-19 14:36:52" hostname="COMES-PC$ - Comes-PC" id="Test Suites/Login_Verification Case">
      <properties>
         <property name="deviceName" value=""/>
         <property name="devicePlatform" value=""/>
         <property name="logFolder" value="C:\\Users\\Comes\\git\\KatalonGitTest2\\Reports\\Login_Verification Case\\20180219_143650"/>
         <property name="logFiles" value="C:\\Users\\Comes\\git\\KatalonGitTest2\\Reports\\Login_Verification Case\\20180219_143650\\execution0.log"/>
         <property name="attachments" value=""/>
         <property name="hostName" value="COMES-PC$ - Comes-PC"/>
         <property name="os" value="Windows 7 64bit"/>
         <property name="katalonVersion" value="5.3.0.1"/>
         <property name="browser" value="Chrome 64.0.3282.167"/>
         <property name="hostAddress" value="10.70.28.51"/>
         <property name="sessionId" value="86f5e70336fd0f0248b48ca5a59d73a4"/>
         <property name="seleniumVersion" value="3.7.1"/>
         <property name="proxyInformation" value="ProxyInformation{proxyOption=NO_PROXY, proxyServerType=HTTP, password=, proxyServerAddress=, proxyServerPort=0}"/>
         <property name="platform" value="Windows 7"/>
      </properties>
      <testcase name="Test Cases/Main Test Case/TC001_Verify Login" classname="Test Cases/Main Test Case/TC001_Verify Login" status="PASSED">
         <system-out><![CDATA[2018-02-19 14:36:53 - [TEST_CASE][PASSED] - Test Cases/Main Test Case/TC001_Verify Login: Test Cases/Main Test Case/TC001_Verify Login

2018-02-19 14:36:53 - [TEST_STEP][PASSED] - Start setup action : setup: Method 'setup' complete successfully

2018-02-19 14:36:54 - [TEST_STEP][PASSED] - openBrowser: Browser is opened with url: 'http://opensource.demo.orangehrmlive.com/index.php/auth/login'

2018-02-19 14:36:59 - [MESSAGE][PASSED] - Browser is opened with url: 'http://opensource.demo.orangehrmlive.com/index.php/auth/login'

2018-02-19 14:36:59 - [MESSAGE][PASSED] - Method 'setup' complete successfully

2018-02-19 14:36:59 - [TEST_STEP][PASSED] - callTestCase: Call Test Case 'Test Cases/Common Test Case/Login' successfully

2018-02-19 14:36:59 - [TEST_CASE][PASSED] - Test Cases/Common Test Case/Login: Test Cases/Common Test Case/Login

2018-02-19 14:36:59 - [TEST_STEP][PASSED] - setText: Text 'admin' is set on object 'Object Repository/Common Test Case_Login/input_txtUsername'

2018-02-19 14:36:59 - [MESSAGE][PASSED] - Text 'admin' is set on object 'Object Repository/Common Test Case_Login/input_txtUsername'

2018-02-19 14:36:59 - [TEST_STEP][PASSED] - setText: Text '' is set on object 'Object Repository/Common Test Case_Login/input_txtPassword'

2018-02-19 14:36:59 - [MESSAGE][PASSED] - Text '' is set on object 'Object Repository/Common Test Case_Login/input_txtPassword'

2018-02-19 14:36:59 - [TEST_STEP][PASSED] - click: Object: 'Object Repository/Common Test Case_Login/input_Submit' is clicked on

2018-02-19 14:36:59 - [MESSAGE][PASSED] - Object: 'Object Repository/Common Test Case_Login/input_Submit' is clicked on

2018-02-19 14:36:59 - [MESSAGE][PASSED] - Call Test Case 'Test Cases/Common Test Case/Login' successfully

2018-02-19 14:36:59 - [TEST_STEP][PASSED] - Statement - switch (var_StatusExpectedResult.toString()): null

2018-02-19 14:36:59 - [TEST_STEP][PASSED] - Statement - case "Password cannot be empty":: null

2018-02-19 14:36:59 - [TEST_STEP][PASSED] - Statement - errorMess = com.kms.katalon.core.webui.keyword.WebUiBuiltInKeywords.getText(com.kms.katalon.core.testobject.ObjectRepository.findTestObject(Object Repository/Main Test Case_Verify Login/span_Password cannot be empty)): Text of object 'Object Repository/Main Test Case_Verify Login/span_Password cannot be empty' is: 'Password cannot be empty'

2018-02-19 14:36:59 - [MESSAGE][PASSED] - Text of object 'Object Repository/Main Test Case_Verify Login/span_Password cannot be empty' is: 'Password cannot be empty'

2018-02-19 14:36:59 - [TEST_STEP][PASSED] - verifyEqual: Actual object 'true' and expected object 'true' are equal

2018-02-19 14:36:59 - [MESSAGE][PASSED] - Actual object 'true' and expected object 'true' are equal

2018-02-19 14:36:59 - [TEST_STEP][PASSED] - Statement - Break: null

2018-02-19 14:36:59 - [TEST_STEP][PASSED] - Start tear down : teardown: Method 'teardown' complete successfully

2018-02-19 14:36:59 - [TEST_STEP][PASSED] - closeBrowser: Browser is closed

2018-02-19 14:37:00 - [MESSAGE][PASSED] - Browser is closed

2018-02-19 14:37:00 - [MESSAGE][PASSED] - Method 'teardown' complete successfully]]></system-out>
         <system-err><![CDATA[]]></system-err>
      </testcase>
      <testcase name="Test Cases/Main Test Case/TC001_Verify Login" classname="Test Cases/Main Test Case/TC001_Verify Login" status="PASSED">
         <system-out><![CDATA[2018-02-19 14:37:00 - [TEST_CASE][PASSED] - Test Cases/Main Test Case/TC001_Verify Login: Test Cases/Main Test Case/TC001_Verify Login

2018-02-19 14:37:00 - [TEST_STEP][PASSED] - Start setup action : setup: Method 'setup' complete successfully

2018-02-19 14:37:00 - [TEST_STEP][PASSED] - openBrowser: Browser is opened with url: 'http://opensource.demo.orangehrmlive.com/index.php/auth/login'

2018-02-19 14:37:04 - [MESSAGE][PASSED] - Browser is opened with url: 'http://opensource.demo.orangehrmlive.com/index.php/auth/login'

2018-02-19 14:37:04 - [MESSAGE][PASSED] - Method 'setup' complete successfully

2018-02-19 14:37:04 - [TEST_STEP][PASSED] - callTestCase: Call Test Case 'Test Cases/Common Test Case/Login' successfully

2018-02-19 14:37:04 - [TEST_CASE][PASSED] - Test Cases/Common Test Case/Login: Test Cases/Common Test Case/Login

2018-02-19 14:37:04 - [TEST_STEP][PASSED] - setText: Text 'admin' is set on object 'Object Repository/Common Test Case_Login/input_txtUsername'

2018-02-19 14:37:04 - [MESSAGE][PASSED] - Text 'admin' is set on object 'Object Repository/Common Test Case_Login/input_txtUsername'

2018-02-19 14:37:04 - [TEST_STEP][PASSED] - setText: Text '123456' is set on object 'Object Repository/Common Test Case_Login/input_txtPassword'

2018-02-19 14:37:04 - [MESSAGE][PASSED] - Text '123456' is set on object 'Object Repository/Common Test Case_Login/input_txtPassword'

2018-02-19 14:37:04 - [TEST_STEP][PASSED] - click: Object: 'Object Repository/Common Test Case_Login/input_Submit' is clicked on

2018-02-19 14:37:05 - [MESSAGE][PASSED] - Object: 'Object Repository/Common Test Case_Login/input_Submit' is clicked on

2018-02-19 14:37:05 - [MESSAGE][PASSED] - Call Test Case 'Test Cases/Common Test Case/Login' successfully

2018-02-19 14:37:05 - [TEST_STEP][PASSED] - Statement - switch (var_StatusExpectedResult.toString()): null

2018-02-19 14:37:05 - [TEST_STEP][PASSED] - Statement - case "Invalid credentials":: null

2018-02-19 14:37:05 - [TEST_STEP][PASSED] - Statement - errorMess = com.kms.katalon.core.webui.keyword.WebUiBuiltInKeywords.getText(com.kms.katalon.core.testobject.ObjectRepository.findTestObject(Object Repository/Main Test Case_Verify Login/span_Invalid credentials)): Text of object 'Object Repository/Main Test Case_Verify Login/span_Invalid credentials' is: 'Invalid credentials'

2018-02-19 14:37:05 - [MESSAGE][PASSED] - Text of object 'Object Repository/Main Test Case_Verify Login/span_Invalid credentials' is: 'Invalid credentials'

2018-02-19 14:37:05 - [TEST_STEP][PASSED] - verifyEqual: Actual object 'true' and expected object 'true' are equal

2018-02-19 14:37:05 - [MESSAGE][PASSED] - Actual object 'true' and expected object 'true' are equal

2018-02-19 14:37:05 - [TEST_STEP][PASSED] - Statement - Break: null

2018-02-19 14:37:05 - [TEST_STEP][PASSED] - Start tear down : teardown: Method 'teardown' complete successfully

2018-02-19 14:37:05 - [TEST_STEP][PASSED] - closeBrowser: Browser is closed

2018-02-19 14:37:05 - [MESSAGE][PASSED] - Browser is closed

2018-02-19 14:37:05 - [MESSAGE][PASSED] - Method 'teardown' complete successfully]]></system-out>
         <system-err><![CDATA[]]></system-err>
      </testcase>
      <testcase name="Test Cases/Main Test Case/TC001_Verify Login" classname="Test Cases/Main Test Case/TC001_Verify Login" status="PASSED">
         <system-out><![CDATA[2018-02-19 14:37:05 - [TEST_CASE][PASSED] - Test Cases/Main Test Case/TC001_Verify Login: Test Cases/Main Test Case/TC001_Verify Login

2018-02-19 14:37:05 - [TEST_STEP][PASSED] - Start setup action : setup: Method 'setup' complete successfully

2018-02-19 14:37:05 - [TEST_STEP][PASSED] - openBrowser: Browser is opened with url: 'http://opensource.demo.orangehrmlive.com/index.php/auth/login'

2018-02-19 14:37:09 - [MESSAGE][PASSED] - Browser is opened with url: 'http://opensource.demo.orangehrmlive.com/index.php/auth/login'

2018-02-19 14:37:09 - [MESSAGE][PASSED] - Method 'setup' complete successfully

2018-02-19 14:37:09 - [TEST_STEP][PASSED] - callTestCase: Call Test Case 'Test Cases/Common Test Case/Login' successfully

2018-02-19 14:37:09 - [TEST_CASE][PASSED] - Test Cases/Common Test Case/Login: Test Cases/Common Test Case/Login

2018-02-19 14:37:09 - [TEST_STEP][PASSED] - setText: Text 'admin' is set on object 'Object Repository/Common Test Case_Login/input_txtUsername'

2018-02-19 14:37:09 - [MESSAGE][PASSED] - Text 'admin' is set on object 'Object Repository/Common Test Case_Login/input_txtUsername'

2018-02-19 14:37:09 - [TEST_STEP][PASSED] - setText: Text 'admin' is set on object 'Object Repository/Common Test Case_Login/input_txtPassword'

2018-02-19 14:37:09 - [MESSAGE][PASSED] - Text 'admin' is set on object 'Object Repository/Common Test Case_Login/input_txtPassword'

2018-02-19 14:37:09 - [TEST_STEP][PASSED] - click: Object: 'Object Repository/Common Test Case_Login/input_Submit' is clicked on

2018-02-19 14:37:11 - [MESSAGE][PASSED] - Object: 'Object Repository/Common Test Case_Login/input_Submit' is clicked on

2018-02-19 14:37:11 - [MESSAGE][PASSED] - Call Test Case 'Test Cases/Common Test Case/Login' successfully

2018-02-19 14:37:11 - [TEST_STEP][PASSED] - Statement - switch (var_StatusExpectedResult.toString()): null

2018-02-19 14:37:11 - [TEST_STEP][PASSED] - Statement - case "Welcome Admin":: null

2018-02-19 14:37:11 - [TEST_STEP][PASSED] - Statement - successMess = com.kms.katalon.core.webui.keyword.WebUiBuiltInKeywords.getText(com.kms.katalon.core.testobject.ObjectRepository.findTestObject(Object Repository/Main Test Case_Verify Login/a_Welcome Admin)): Text of object 'Object Repository/Main Test Case_Verify Login/a_Welcome Admin' is: 'Welcome Admin'

2018-02-19 14:37:12 - [MESSAGE][PASSED] - Text of object 'Object Repository/Main Test Case_Verify Login/a_Welcome Admin' is: 'Welcome Admin'

2018-02-19 14:37:12 - [TEST_STEP][PASSED] - verifyEqual: Actual object 'true' and expected object 'true' are equal

2018-02-19 14:37:12 - [MESSAGE][PASSED] - Actual object 'true' and expected object 'true' are equal

2018-02-19 14:37:12 - [TEST_STEP][PASSED] - Statement - Break: null

2018-02-19 14:37:12 - [TEST_STEP][PASSED] - Start tear down : teardown: Method 'teardown' complete successfully

2018-02-19 14:37:12 - [TEST_STEP][PASSED] - closeBrowser: Browser is closed

2018-02-19 14:37:13 - [MESSAGE][PASSED] - Browser is closed

2018-02-19 14:37:13 - [MESSAGE][PASSED] - Method 'teardown' complete successfully]]></system-out>
         <system-err><![CDATA[]]></system-err>
      </testcase>
      <system-out><![CDATA[2018-02-19 14:36:52 - [TEST_SUITE][PASSED] - Login_Verification Case: Test Cases/Main Test Case/TC001_Verify Login]]></system-out>
      <system-err><![CDATA[]]></system-err>
   </testsuite>
</testsuites>
